#
# There is insufficient memory for the Java Runtime Environment to continue.
# Native memory allocation (mmap) failed to map 65536 bytes for Failed to commit metaspace.
# Possible reasons:
#   The system is out of physical RAM or swap space
#   The process is running with CompressedOops enabled, and the Java Heap may be blocking the growth of the native heap
# Possible solutions:
#   Reduce memory load on the system
#   Increase physical memory or swap space
#   Check if swap backing store is full
#   Decrease Java heap size (-Xmx/-Xms)
#   Decrease number of Java threads
#   Decrease Java thread stack sizes (-Xss)
#   Set larger code cache with -XX:ReservedCodeCacheSize=
#   JVM is running with Unscaled Compressed Oops mode in which the Java heap is
#     placed in the first 4GB address space. The Java Heap base address is the
#     maximum limit for the native heap growth. Please use -XX:HeapBaseMinAddress
#     to set the Java Heap base and to place the Java Heap above 4GB virtual address.
# This output file may be truncated or incomplete.
#
#  Out of Memory Error (virtualSpaceNode.cpp:110), pid=10940, tid=7912
#
# JRE version: Java(TM) SE Runtime Environment (20.0.2+9) (build 20.0.2+9-78)
# Java VM: Java HotSpot(TM) 64-Bit Server VM (20.0.2+9-78, mixed mode, sharing, tiered, compressed oops, compressed class ptrs, g1 gc, windows-amd64)
# No core dump will be written. Minidumps are not enabled by default on client versions of Windows
#

---------------  S U M M A R Y ------------

Command Line: Knap_Aman

Host: AMD Ryzen 5 5600H with Radeon Graphics         , 12 cores, 5G,  Windows 11 , 64 bit Build 22621 (10.0.22621.2215)
Time: Thu Oct 12 12:29:59 2023 India Standard Time elapsed time: 0.150281 seconds (0d 0h 0m 0s)

---------------  T H R E A D  ---------------

Current thread (0x000001845467d0d0):  JavaThread "C1 CompilerThread0" daemon [_thread_in_vm, id=7912, stack(0x0000005adb200000,0x0000005adb300000)]


Current CompileTask:
C1:    150  347       3       java.lang.invoke.InvokerBytecodeGenerator::emitPushArgument (150 bytes)

Stack: [0x0000005adb200000,0x0000005adb300000]
Native frames: (J=compiled Java code, j=interpreted, Vv=VM code, C=native code)
V  [jvm.dll+0x6bc25a]
V  [jvm.dll+0x84971a]
V  [jvm.dll+0x84b315]
V  [jvm.dll+0x84ba13]
V  [jvm.dll+0x280e4f]
V  [jvm.dll+0x84565b]
V  [jvm.dll+0x660616]
V  [jvm.dll+0x66067a]
V  [jvm.dll+0x662f53]
V  [jvm.dll+0x662e1e]
V  [jvm.dll+0x66102e]
V  [jvm.dll+0x67248a]
V  [jvm.dll+0x66b9b2]
V  [jvm.dll+0x1f9260]
V  [jvm.dll+0x1f9448]
V  [jvm.dll+0x16ac26]
V  [jvm.dll+0x16aa75]
V  [jvm.dll+0x162555]
V  [jvm.dll+0x1647d7]
V  [jvm.dll+0x162df5]
V  [jvm.dll+0x15cc4a]
V  [jvm.dll+0x16c776]
V  [jvm.dll+0x157ed0]
V  [jvm.dll+0x158253]
V  [jvm.dll+0x158514]
V  [jvm.dll+0x157956]
V  [jvm.dll+0x15968d]
V  [jvm.dll+0x25a0eb]
V  [jvm.dll+0x2587c0]
V  [jvm.dll+0x3f2dd5]
V  [jvm.dll+0x7f5c76]
V  [jvm.dll+0x6baecb]
C  [ucrtbase.dll+0x29363]
C  [KERNEL32.DLL+0x1257d]
C  [ntdll.dll+0x5aa68]


---------------  P R O C E S S  ---------------

Threads class SMR info:
_java_thread_list=0x0000018499af79a0, length=14, elements={
0x0000018436456e50, 0x0000018454661a90, 0x0000018454662540, 0x00000184546672e0,
0x0000018454667c90, 0x000001845466a470, 0x000001845466cb00, 0x0000018454672c10,
0x000001845467d0d0, 0x00000184998ee560, 0x00000184998f3730, 0x0000018499b18460,
0x0000018499b1c9c0, 0x0000018499b239e0
}

Java Threads: ( => current thread )
  0x0000018436456e50 JavaThread "main" [_thread_in_vm, id=6492, stack(0x0000005ada400000,0x0000005ada500000)]
  0x0000018454661a90 JavaThread "Reference Handler" daemon [_thread_blocked, id=8036, stack(0x0000005adab00000,0x0000005adac00000)]
  0x0000018454662540 JavaThread "Finalizer" daemon [_thread_blocked, id=8152, stack(0x0000005adac00000,0x0000005adad00000)]
  0x00000184546672e0 JavaThread "Signal Dispatcher" daemon [_thread_blocked, id=14208, stack(0x0000005adad00000,0x0000005adae00000)]
  0x0000018454667c90 JavaThread "Attach Listener" daemon [_thread_blocked, id=7016, stack(0x0000005adae00000,0x0000005adaf00000)]
  0x000001845466a470 JavaThread "Service Thread" daemon [_thread_blocked, id=11856, stack(0x0000005adaf00000,0x0000005adb000000)]
  0x000001845466cb00 JavaThread "Monitor Deflation Thread" daemon [_thread_blocked, id=10024, stack(0x0000005adb000000,0x0000005adb100000)]
  0x0000018454672c10 JavaThread "C2 CompilerThread0" daemon [_thread_blocked, id=8612, stack(0x0000005adb100000,0x0000005adb200000)]
=>0x000001845467d0d0 JavaThread "C1 CompilerThread0" daemon [_thread_in_vm, id=7912, stack(0x0000005adb200000,0x0000005adb300000)]
  0x00000184998ee560 JavaThread "Notification Thread" daemon [_thread_blocked, id=9532, stack(0x0000005adb300000,0x0000005adb400000)]
  0x00000184998f3730 JavaThread "Common-Cleaner" daemon [_thread_blocked, id=3756, stack(0x0000005adb500000,0x0000005adb600000)]
  0x0000018499b18460 JavaThread "Java2D Disposer" daemon [_thread_blocked, id=14564, stack(0x0000005adb600000,0x0000005adb700000)]
  0x0000018499b1c9c0 JavaThread "AWT-Shutdown" [_thread_blocked, id=10844, stack(0x0000005adb700000,0x0000005adb800000)]
  0x0000018499b239e0 JavaThread "AWT-Windows" daemon [_thread_in_native, id=6588, stack(0x0000005adb800000,0x0000005adb900000)]

Other Threads:
  0x00000184546422b0 VMThread "VM Thread" [stack: 0x0000005adaa00000,0x0000005adab00000] [id=9448]
  0x00000184998ef2c0 WatcherThread "VM Periodic Task Thread" [stack: 0x0000005adb400000,0x0000005adb500000] [id=10872]
  0x00000184364a9e00 WorkerThread "GC Thread#0" [stack: 0x0000005ada500000,0x0000005ada600000] [id=14848]
  0x00000184364b6910 ConcurrentGCThread "G1 Main Marker" [stack: 0x0000005ada600000,0x0000005ada700000] [id=4864]
  0x00000184364b74e0 WorkerThread "G1 Conc#0" [stack: 0x0000005ada700000,0x0000005ada800000] [id=10492]
  0x00000184545020b0 ConcurrentGCThread "G1 Refine#0" [stack: 0x0000005ada800000,0x0000005ada900000] [id=4292]
  0x0000018454502760 ConcurrentGCThread "G1 Service" [stack: 0x0000005ada900000,0x0000005adaa00000] [id=12720]

Threads with active compile tasks:
C1 CompilerThread0      167  347       3       java.lang.invoke.InvokerBytecodeGenerator::emitPushArgument (150 bytes)

VM state: not at safepoint (normal execution)

VM Mutex/Monitor currently owned by a thread:  ([mutex/lock_event])
[0x0000018436453670] Metaspace_lock - owner thread: 0x000001845467d0d0

Heap address: 0x00000000a2400000, size: 1500 MB, Compressed Oops mode: 32-bit

CDS archive(s) mapped at: [0x0000018454800000-0x0000018455460000-0x0000018455460000), size 12976128, SharedBaseAddress: 0x0000018454800000, ArchiveRelocationMode: 1.
Compressed class space mapped at: 0x0000018455800000-0x0000018495800000, reserved size: 1073741824
Narrow klass base: 0x0000018454800000, Narrow klass shift: 0, Narrow klass range: 0x100000000

GC Precious Log:
 CardTable entry size: 512
 Card Set container configuration: InlinePtr #cards 5 size 8 Array Of Cards #cards 12 size 40 Howl #buckets 4 coarsen threshold 1843 Howl Bitmap #cards 512 size 80 coarsen threshold 460 Card regions per heap region 1 cards per card region 2048
 CPUs: 12 total, 12 available
 Memory: 5996M
 Large Page Support: Disabled
 NUMA Support: Disabled
 Compressed Oops: Enabled (32-bit)
 Heap Region Size: 1M
 Heap Min Capacity: 8M
 Heap Initial Capacity: 94M
 Heap Max Capacity: 1500M
 Pre-touch: Disabled
 Parallel Workers: 10
 Concurrent Workers: 3
 Concurrent Refinement Workers: 10
 Periodic GC: Disabled

Heap:
 garbage-first heap   total 96256K, used 3072K [0x00000000a2400000, 0x0000000100000000)
  region size 1024K, 4 young (4096K), 0 survivors (0K)
 Metaspace       used 3546K, committed 3648K, reserved 1114112K
  class space    used 342K, committed 384K, reserved 1048576K

Heap Regions: E=young(eden), S=young(survivor), O=old, HS=humongous(starts), HC=humongous(continues), CS=collection set, F=free, OA=open archive, CA=closed archive, TAMS=top-at-mark-start, PB=parsable bottom
|   0|0x00000000a2400000, 0x00000000a2400000, 0x00000000a2500000|  0%| F|  |TAMS 0x00000000a2400000| PB 0x00000000a2400000| Untracked 
|   1|0x00000000a2500000, 0x00000000a2500000, 0x00000000a2600000|  0%| F|  |TAMS 0x00000000a2500000| PB 0x00000000a2500000| Untracked 
|   2|0x00000000a2600000, 0x00000000a2600000, 0x00000000a2700000|  0%| F|  |TAMS 0x00000000a2600000| PB 0x00000000a2600000| Untracked 
|   3|0x00000000a2700000, 0x00000000a2700000, 0x00000000a2800000|  0%| F|  |TAMS 0x00000000a2700000| PB 0x00000000a2700000| Untracked 
|   4|0x00000000a2800000, 0x00000000a2800000, 0x00000000a2900000|  0%| F|  |TAMS 0x00000000a2800000| PB 0x00000000a2800000| Untracked 
|   5|0x00000000a2900000, 0x00000000a2900000, 0x00000000a2a00000|  0%| F|  |TAMS 0x00000000a2900000| PB 0x00000000a2900000| Untracked 
|   6|0x00000000a2a00000, 0x00000000a2a00000, 0x00000000a2b00000|  0%| F|  |TAMS 0x00000000a2a00000| PB 0x00000000a2a00000| Untracked 
|   7|0x00000000a2b00000, 0x00000000a2b00000, 0x00000000a2c00000|  0%| F|  |TAMS 0x00000000a2b00000| PB 0x00000000a2b00000| Untracked 
|   8|0x00000000a2c00000, 0x00000000a2c00000, 0x00000000a2d00000|  0%| F|  |TAMS 0x00000000a2c00000| PB 0x00000000a2c00000| Untracked 
|   9|0x00000000a2d00000, 0x00000000a2d00000, 0x00000000a2e00000|  0%| F|  |TAMS 0x00000000a2d00000| PB 0x00000000a2d00000| Untracked 
|  10|0x00000000a2e00000, 0x00000000a2e00000, 0x00000000a2f00000|  0%| F|  |TAMS 0x00000000a2e00000| PB 0x00000000a2e00000| Untracked 
|  11|0x00000000a2f00000, 0x00000000a2f00000, 0x00000000a3000000|  0%| F|  |TAMS 0x00000000a2f00000| PB 0x00000000a2f00000| Untracked 
|  12|0x00000000a3000000, 0x00000000a3000000, 0x00000000a3100000|  0%| F|  |TAMS 0x00000000a3000000| PB 0x00000000a3000000| Untracked 
|  13|0x00000000a3100000, 0x00000000a3100000, 0x00000000a3200000|  0%| F|  |TAMS 0x00000000a3100000| PB 0x00000000a3100000| Untracked 
|  14|0x00000000a3200000, 0x00000000a3200000, 0x00000000a3300000|  0%| F|  |TAMS 0x00000000a3200000| PB 0x00000000a3200000| Untracked 
|  15|0x00000000a3300000, 0x00000000a3300000, 0x00000000a3400000|  0%| F|  |TAMS 0x00000000a3300000| PB 0x00000000a3300000| Untracked 
|  16|0x00000000a3400000, 0x00000000a3400000, 0x00000000a3500000|  0%| F|  |TAMS 0x00000000a3400000| PB 0x00000000a3400000| Untracked 
|  17|0x00000000a3500000, 0x00000000a3500000, 0x00000000a3600000|  0%| F|  |TAMS 0x00000000a3500000| PB 0x00000000a3500000| Untracked 
|  18|0x00000000a3600000, 0x00000000a3600000, 0x00000000a3700000|  0%| F|  |TAMS 0x00000000a3600000| PB 0x00000000a3600000| Untracked 
|  19|0x00000000a3700000, 0x00000000a3700000, 0x00000000a3800000|  0%| F|  |TAMS 0x00000000a3700000| PB 0x00000000a3700000| Untracked 
|  20|0x00000000a3800000, 0x00000000a3800000, 0x00000000a3900000|  0%| F|  |TAMS 0x00000000a3800000| PB 0x00000000a3800000| Untracked 
|  21|0x00000000a3900000, 0x00000000a3900000, 0x00000000a3a00000|  0%| F|  |TAMS 0x00000000a3900000| PB 0x00000000a3900000| Untracked 
|  22|0x00000000a3a00000, 0x00000000a3a00000, 0x00000000a3b00000|  0%| F|  |TAMS 0x00000000a3a00000| PB 0x00000000a3a00000| Untracked 
|  23|0x00000000a3b00000, 0x00000000a3b00000, 0x00000000a3c00000|  0%| F|  |TAMS 0x00000000a3b00000| PB 0x00000000a3b00000| Untracked 
|  24|0x00000000a3c00000, 0x00000000a3c00000, 0x00000000a3d00000|  0%| F|  |TAMS 0x00000000a3c00000| PB 0x00000000a3c00000| Untracked 
|  25|0x00000000a3d00000, 0x00000000a3d00000, 0x00000000a3e00000|  0%| F|  |TAMS 0x00000000a3d00000| PB 0x00000000a3d00000| Untracked 
|  26|0x00000000a3e00000, 0x00000000a3e00000, 0x00000000a3f00000|  0%| F|  |TAMS 0x00000000a3e00000| PB 0x00000000a3e00000| Untracked 
|  27|0x00000000a3f00000, 0x00000000a3f00000, 0x00000000a4000000|  0%| F|  |TAMS 0x00000000a3f00000| PB 0x00000000a3f00000| Untracked 
|  28|0x00000000a4000000, 0x00000000a4000000, 0x00000000a4100000|  0%| F|  |TAMS 0x00000000a4000000| PB 0x00000000a4000000| Untracked 
|  29|0x00000000a4100000, 0x00000000a4100000, 0x00000000a4200000|  0%| F|  |TAMS 0x00000000a4100000| PB 0x00000000a4100000| Untracked 
|  30|0x00000000a4200000, 0x00000000a4200000, 0x00000000a4300000|  0%| F|  |TAMS 0x00000000a4200000| PB 0x00000000a4200000| Untracked 
|  31|0x00000000a4300000, 0x00000000a4300000, 0x00000000a4400000|  0%| F|  |TAMS 0x00000000a4300000| PB 0x00000000a4300000| Untracked 
|  32|0x00000000a4400000, 0x00000000a4400000, 0x00000000a4500000|  0%| F|  |TAMS 0x00000000a4400000| PB 0x00000000a4400000| Untracked 
|  33|0x00000000a4500000, 0x00000000a4500000, 0x00000000a4600000|  0%| F|  |TAMS 0x00000000a4500000| PB 0x00000000a4500000| Untracked 
|  34|0x00000000a4600000, 0x00000000a4600000, 0x00000000a4700000|  0%| F|  |TAMS 0x00000000a4600000| PB 0x00000000a4600000| Untracked 
|  35|0x00000000a4700000, 0x00000000a4700000, 0x00000000a4800000|  0%| F|  |TAMS 0x00000000a4700000| PB 0x00000000a4700000| Untracked 
|  36|0x00000000a4800000, 0x00000000a4800000, 0x00000000a4900000|  0%| F|  |TAMS 0x00000000a4800000| PB 0x00000000a4800000| Untracked 
|  37|0x00000000a4900000, 0x00000000a4900000, 0x00000000a4a00000|  0%| F|  |TAMS 0x00000000a4900000| PB 0x00000000a4900000| Untracked 
|  38|0x00000000a4a00000, 0x00000000a4a00000, 0x00000000a4b00000|  0%| F|  |TAMS 0x00000000a4a00000| PB 0x00000000a4a00000| Untracked 
|  39|0x00000000a4b00000, 0x00000000a4b00000, 0x00000000a4c00000|  0%| F|  |TAMS 0x00000000a4b00000| PB 0x00000000a4b00000| Untracked 
|  40|0x00000000a4c00000, 0x00000000a4c00000, 0x00000000a4d00000|  0%| F|  |TAMS 0x00000000a4c00000| PB 0x00000000a4c00000| Untracked 
|  41|0x00000000a4d00000, 0x00000000a4d00000, 0x00000000a4e00000|  0%| F|  |TAMS 0x00000000a4d00000| PB 0x00000000a4d00000| Untracked 
|  42|0x00000000a4e00000, 0x00000000a4e00000, 0x00000000a4f00000|  0%| F|  |TAMS 0x00000000a4e00000| PB 0x00000000a4e00000| Untracked 
|  43|0x00000000a4f00000, 0x00000000a4f00000, 0x00000000a5000000|  0%| F|  |TAMS 0x00000000a4f00000| PB 0x00000000a4f00000| Untracked 
|  44|0x00000000a5000000, 0x00000000a5000000, 0x00000000a5100000|  0%| F|  |TAMS 0x00000000a5000000| PB 0x00000000a5000000| Untracked 
|  45|0x00000000a5100000, 0x00000000a5100000, 0x00000000a5200000|  0%| F|  |TAMS 0x00000000a5100000| PB 0x00000000a5100000| Untracked 
|  46|0x00000000a5200000, 0x00000000a5200000, 0x00000000a5300000|  0%| F|  |TAMS 0x00000000a5200000| PB 0x00000000a5200000| Untracked 
|  47|0x00000000a5300000, 0x00000000a5300000, 0x00000000a5400000|  0%| F|  |TAMS 0x00000000a5300000| PB 0x00000000a5300000| Untracked 
|  48|0x00000000a5400000, 0x00000000a5400000, 0x00000000a5500000|  0%| F|  |TAMS 0x00000000a5400000| PB 0x00000000a5400000| Untracked 
|  49|0x00000000a5500000, 0x00000000a5500000, 0x00000000a5600000|  0%| F|  |TAMS 0x00000000a5500000| PB 0x00000000a5500000| Untracked 
|  50|0x00000000a5600000, 0x00000000a5600000, 0x00000000a5700000|  0%| F|  |TAMS 0x00000000a5600000| PB 0x00000000a5600000| Untracked 
|  51|0x00000000a5700000, 0x00000000a5700000, 0x00000000a5800000|  0%| F|  |TAMS 0x00000000a5700000| PB 0x00000000a5700000| Untracked 
|  52|0x00000000a5800000, 0x00000000a5800000, 0x00000000a5900000|  0%| F|  |TAMS 0x00000000a5800000| PB 0x00000000a5800000| Untracked 
|  53|0x00000000a5900000, 0x00000000a5900000, 0x00000000a5a00000|  0%| F|  |TAMS 0x00000000a5900000| PB 0x00000000a5900000| Untracked 
|  54|0x00000000a5a00000, 0x00000000a5a00000, 0x00000000a5b00000|  0%| F|  |TAMS 0x00000000a5a00000| PB 0x00000000a5a00000| Untracked 
|  55|0x00000000a5b00000, 0x00000000a5b00000, 0x00000000a5c00000|  0%| F|  |TAMS 0x00000000a5b00000| PB 0x00000000a5b00000| Untracked 
|  56|0x00000000a5c00000, 0x00000000a5c00000, 0x00000000a5d00000|  0%| F|  |TAMS 0x00000000a5c00000| PB 0x00000000a5c00000| Untracked 
|  57|0x00000000a5d00000, 0x00000000a5d00000, 0x00000000a5e00000|  0%| F|  |TAMS 0x00000000a5d00000| PB 0x00000000a5d00000| Untracked 
|  58|0x00000000a5e00000, 0x00000000a5e00000, 0x00000000a5f00000|  0%| F|  |TAMS 0x00000000a5e00000| PB 0x00000000a5e00000| Untracked 
|  59|0x00000000a5f00000, 0x00000000a5f00000, 0x00000000a6000000|  0%| F|  |TAMS 0x00000000a5f00000| PB 0x00000000a5f00000| Untracked 
|  60|0x00000000a6000000, 0x00000000a6000000, 0x00000000a6100000|  0%| F|  |TAMS 0x00000000a6000000| PB 0x00000000a6000000| Untracked 
|  61|0x00000000a6100000, 0x00000000a6100000, 0x00000000a6200000|  0%| F|  |TAMS 0x00000000a6100000| PB 0x00000000a6100000| Untracked 
|  62|0x00000000a6200000, 0x00000000a6200000, 0x00000000a6300000|  0%| F|  |TAMS 0x00000000a6200000| PB 0x00000000a6200000| Untracked 
|  63|0x00000000a6300000, 0x00000000a6300000, 0x00000000a6400000|  0%| F|  |TAMS 0x00000000a6300000| PB 0x00000000a6300000| Untracked 
|  64|0x00000000a6400000, 0x00000000a6400000, 0x00000000a6500000|  0%| F|  |TAMS 0x00000000a6400000| PB 0x00000000a6400000| Untracked 
|  65|0x00000000a6500000, 0x00000000a6500000, 0x00000000a6600000|  0%| F|  |TAMS 0x00000000a6500000| PB 0x00000000a6500000| Untracked 
|  66|0x00000000a6600000, 0x00000000a6600000, 0x00000000a6700000|  0%| F|  |TAMS 0x00000000a6600000| PB 0x00000000a6600000| Untracked 
|  67|0x00000000a6700000, 0x00000000a6700000, 0x00000000a6800000|  0%| F|  |TAMS 0x00000000a6700000| PB 0x00000000a6700000| Untracked 
|  68|0x00000000a6800000, 0x00000000a6800000, 0x00000000a6900000|  0%| F|  |TAMS 0x00000000a6800000| PB 0x00000000a6800000| Untracked 
|  69|0x00000000a6900000, 0x00000000a6900000, 0x00000000a6a00000|  0%| F|  |TAMS 0x00000000a6900000| PB 0x00000000a6900000| Untracked 
|  70|0x00000000a6a00000, 0x00000000a6a00000, 0x00000000a6b00000|  0%| F|  |TAMS 0x00000000a6a00000| PB 0x00000000a6a00000| Untracked 
|  71|0x00000000a6b00000, 0x00000000a6b00000, 0x00000000a6c00000|  0%| F|  |TAMS 0x00000000a6b00000| PB 0x00000000a6b00000| Untracked 
|  72|0x00000000a6c00000, 0x00000000a6c00000, 0x00000000a6d00000|  0%| F|  |TAMS 0x00000000a6c00000| PB 0x00000000a6c00000| Untracked 
|  73|0x00000000a6d00000, 0x00000000a6d00000, 0x00000000a6e00000|  0%| F|  |TAMS 0x00000000a6d00000| PB 0x00000000a6d00000| Untracked 
|  74|0x00000000a6e00000, 0x00000000a6e00000, 0x00000000a6f00000|  0%| F|  |TAMS 0x00000000a6e00000| PB 0x00000000a6e00000| Untracked 
|  75|0x00000000a6f00000, 0x00000000a6f00000, 0x00000000a7000000|  0%| F|  |TAMS 0x00000000a6f00000| PB 0x00000000a6f00000| Untracked 
|  76|0x00000000a7000000, 0x00000000a7000000, 0x00000000a7100000|  0%| F|  |TAMS 0x00000000a7000000| PB 0x00000000a7000000| Untracked 
|  77|0x00000000a7100000, 0x00000000a7100000, 0x00000000a7200000|  0%| F|  |TAMS 0x00000000a7100000| PB 0x00000000a7100000| Untracked 
|  78|0x00000000a7200000, 0x00000000a7200000, 0x00000000a7300000|  0%| F|  |TAMS 0x00000000a7200000| PB 0x00000000a7200000| Untracked 
|  79|0x00000000a7300000, 0x00000000a7300000, 0x00000000a7400000|  0%| F|  |TAMS 0x00000000a7300000| PB 0x00000000a7300000| Untracked 
|  80|0x00000000a7400000, 0x00000000a7400000, 0x00000000a7500000|  0%| F|  |TAMS 0x00000000a7400000| PB 0x00000000a7400000| Untracked 
|  81|0x00000000a7500000, 0x00000000a7500000, 0x00000000a7600000|  0%| F|  |TAMS 0x00000000a7500000| PB 0x00000000a7500000| Untracked 
|  82|0x00000000a7600000, 0x00000000a7600000, 0x00000000a7700000|  0%| F|  |TAMS 0x00000000a7600000| PB 0x00000000a7600000| Untracked 
|  83|0x00000000a7700000, 0x00000000a7700000, 0x00000000a7800000|  0%| F|  |TAMS 0x00000000a7700000| PB 0x00000000a7700000| Untracked 
|  84|0x00000000a7800000, 0x00000000a7800000, 0x00000000a7900000|  0%| F|  |TAMS 0x00000000a7800000| PB 0x00000000a7800000| Untracked 
|  85|0x00000000a7900000, 0x00000000a7900000, 0x00000000a7a00000|  0%| F|  |TAMS 0x00000000a7900000| PB 0x00000000a7900000| Untracked 
|  86|0x00000000a7a00000, 0x00000000a7a00000, 0x00000000a7b00000|  0%| F|  |TAMS 0x00000000a7a00000| PB 0x00000000a7a00000| Untracked 
|  87|0x00000000a7b00000, 0x00000000a7b00000, 0x00000000a7c00000|  0%| F|  |TAMS 0x00000000a7b00000| PB 0x00000000a7b00000| Untracked 
|  88|0x00000000a7c00000, 0x00000000a7c00000, 0x00000000a7d00000|  0%| F|  |TAMS 0x00000000a7c00000| PB 0x00000000a7c00000| Untracked 
|  89|0x00000000a7d00000, 0x00000000a7d00000, 0x00000000a7e00000|  0%| F|  |TAMS 0x00000000a7d00000| PB 0x00000000a7d00000| Untracked 
|  90|0x00000000a7e00000, 0x00000000a7eec4d0, 0x00000000a7f00000| 92%| E|  |TAMS 0x00000000a7e00000| PB 0x00000000a7e00000| Complete 
|  91|0x00000000a7f00000, 0x00000000a8000000, 0x00000000a8000000|100%| E|CS|TAMS 0x00000000a7f00000| PB 0x00000000a7f00000| Complete 
|  92|0x00000000a8000000, 0x00000000a8100000, 0x00000000a8100000|100%| E|CS|TAMS 0x00000000a8000000| PB 0x00000000a8000000| Complete 
|  93|0x00000000a8100000, 0x00000000a8200000, 0x00000000a8200000|100%| E|CS|TAMS 0x00000000a8100000| PB 0x00000000a8100000| Complete 

Card table byte_map: [0x000001844fc80000,0x000001844ff70000] _byte_map_base: 0x000001844f76e000

Marking Bits: (CMBitMap*) 0x00000184364aa430
 Bits: [0x0000018450260000, 0x00000184519d0000)

Polling page: 0x0000018436520000

Metaspace:

Usage:
  Non-class:      3.13 MB used.
      Class:    342.87 KB used.
       Both:      3.46 MB used.

Virtual space:
  Non-class space:       64.00 MB reserved,       3.19 MB (  5%) committed,  1 nodes.
      Class space:        1.00 GB reserved,     384.00 KB ( <1%) committed,  1 nodes.
             Both:        1.06 GB reserved,       3.56 MB ( <1%) committed. 

Chunk freelists:
   Non-Class:  3.90 MB
       Class:  3.57 MB
        Both:  7.47 MB

MaxMetaspaceSize: unlimited
CompressedClassSpaceSize: 1.00 GB
Initial GC threshold: 21.00 MB
Current GC threshold: 21.00 MB
CDS: on
MetaspaceReclaimPolicy: balanced
 - commit_granule_bytes: 65536.
 - commit_granule_words: 8192.
 - virtual_space_node_default_size: 8388608.
 - enlarge_chunks_in_place: 1.
 - new_chunks_are_fully_committed: 0.
 - uncommit_free_chunks: 1.
 - use_allocation_guard: 0.


Internal statistics:

num_allocs_failed_limit: 0.
num_arena_births: 96.
num_arena_deaths: 0.
num_vsnodes_births: 2.
num_vsnodes_deaths: 0.
num_space_committed: 57.
num_space_uncommitted: 0.
num_chunks_returned_to_freelist: 0.
num_chunks_taken_from_freelist: 115.
num_chunk_merges: 0.
num_chunk_splits: 70.
num_chunks_enlarged: 27.
num_inconsistent_stats: 0.

CodeHeap 'non-profiled nmethods': size=120000Kb used=108Kb max_used=108Kb free=119891Kb
 bounds [0x00000184477d0000, 0x0000018447a40000, 0x000001844ed00000]
CodeHeap 'profiled nmethods': size=120000Kb used=441Kb max_used=441Kb free=119558Kb
 bounds [0x000001843fd00000, 0x000001843ff70000, 0x0000018447230000]
CodeHeap 'non-nmethods': size=5760Kb used=1439Kb max_used=1448Kb free=4320Kb
 bounds [0x0000018447230000, 0x00000184474a0000, 0x00000184477d0000]
 total_blobs=825 nmethods=347 adapters=389
 compilation: enabled
              stopped_count=0, restarted_count=0
 full_count=0

Compilation events (20 events):
Event: 0.146 Thread 0x000001845467d0d0 nmethod 335 0x000001843fd6a610 code [0x000001843fd6a7c0, 0x000001843fd6abc8]
Event: 0.146 Thread 0x000001845467d0d0  336       1       java.lang.invoke.MethodHandles$Lookup::previousLookupClass (5 bytes)
Event: 0.147 Thread 0x000001845467d0d0 nmethod 336 0x00000184477ea110 code [0x00000184477ea280, 0x00000184477ea348]
Event: 0.147 Thread 0x000001845467d0d0  337       3       sun.invoke.util.VerifyAccess::isClassAccessible (230 bytes)
Event: 0.147 Thread 0x000001845467d0d0 nmethod 337 0x000001843fd6ad10 code [0x000001843fd6b000, 0x000001843fd6be68]
Event: 0.147 Thread 0x000001845467d0d0  338       3       java.lang.invoke.MemberName::<init> (50 bytes)
Event: 0.147 Thread 0x000001845467d0d0 nmethod 338 0x000001843fd6c210 code [0x000001843fd6c3e0, 0x000001843fd6c6f8]
Event: 0.147 Thread 0x000001845467d0d0  339       1       java.lang.invoke.DirectMethodHandle::internalMemberName (5 bytes)
Event: 0.147 Thread 0x000001845467d0d0 nmethod 339 0x00000184477ea410 code [0x00000184477ea580, 0x00000184477ea648]
Event: 0.147 Thread 0x000001845467d0d0  340       3       java.lang.invoke.MethodType::basicType (8 bytes)
Event: 0.147 Thread 0x000001845467d0d0 nmethod 340 0x000001843fd6c890 code [0x000001843fd6ca20, 0x000001843fd6cb50]
Event: 0.147 Thread 0x000001845467d0d0  341       3       java.lang.String::replace (42 bytes)
Event: 0.148 Thread 0x000001845467d0d0 nmethod 341 0x000001843fd6cc10 code [0x000001843fd6cdc0, 0x000001843fd6d0f0]
Event: 0.148 Thread 0x000001845467d0d0  342       3       java.lang.invoke.MethodType$ConcurrentWeakInternSet$WeakEntry::<init> (15 bytes)
Event: 0.148 Thread 0x000001845467d0d0 nmethod 342 0x000001843fd6d210 code [0x000001843fd6d3c0, 0x000001843fd6d7c8]
Event: 0.148 Thread 0x000001845467d0d0  343       3       java.lang.reflect.Modifier::isProtected (12 bytes)
Event: 0.148 Thread 0x000001845467d0d0 nmethod 343 0x000001843fd6d910 code [0x000001843fd6daa0, 0x000001843fd6dbf0]
Event: 0.148 Thread 0x000001845467d0d0  345       3       sun.invoke.util.BytecodeDescriptor::unparseSig (49 bytes)
Event: 0.148 Thread 0x000001845467d0d0 nmethod 345 0x000001843fd6dc90 code [0x000001843fd6dea0, 0x000001843fd6e2f8]
Event: 0.148 Thread 0x000001845467d0d0  347       3       java.lang.invoke.InvokerBytecodeGenerator::emitPushArgument (150 bytes)

GC Heap History (0 events):
No events

Dll operation events (4 events):
Event: 0.004 Loaded shared library C:\Program Files\Java\jdk-20\bin\java.dll
Event: 0.019 Loaded shared library C:\Program Files\Java\jdk-20\bin\jsvml.dll
Event: 0.048 Loaded shared library C:\Program Files\Java\jdk-20\bin\jimage.dll
Event: 0.059 Loaded shared library C:\Program Files\Java\jdk-20\bin\awt.dll

Deoptimization events (0 events):
No events

Classes loaded (20 events):
Event: 0.145 Loading class sun/swing/PrintColorUIResource
Event: 0.145 Loading class sun/swing/PrintColorUIResource done
Event: 0.145 Loading class javax/swing/plaf/metal/DefaultMetalTheme$FontDelegate
Event: 0.145 Loading class javax/swing/plaf/metal/DefaultMetalTheme$FontDelegate done
Event: 0.145 Loading class javax/swing/plaf/FontUIResource
Event: 0.145 Loading class javax/swing/plaf/FontUIResource done
Event: 0.146 Loading class javax/swing/UIDefaults$LazyValue
Event: 0.146 Loading class javax/swing/UIDefaults$LazyValue done
Event: 0.147 Loading class javax/swing/UIDefaults$ActiveValue
Event: 0.147 Loading class javax/swing/UIDefaults$ActiveValue done
Event: 0.147 Loading class javax/swing/plaf/InsetsUIResource
Event: 0.147 Loading class javax/swing/plaf/InsetsUIResource done
Event: 0.148 Loading class javax/swing/plaf/BorderUIResource$EmptyBorderUIResource
Event: 0.148 Loading class javax/swing/border/EmptyBorder
Event: 0.148 Loading class javax/swing/border/AbstractBorder
Event: 0.148 Loading class javax/swing/border/Border
Event: 0.148 Loading class javax/swing/border/Border done
Event: 0.148 Loading class javax/swing/border/AbstractBorder done
Event: 0.148 Loading class javax/swing/border/EmptyBorder done
Event: 0.148 Loading class javax/swing/plaf/BorderUIResource$EmptyBorderUIResource done

Classes unloaded (0 events):
No events

Classes redefined (0 events):
No events

Internal exceptions (5 events):
Event: 0.052 Thread 0x0000018436456e50 Exception <a 'java/lang/ClassNotFoundException'{0x00000000a804f5c8}: sun/awt/resources/spi/awtProvider> (0x00000000a804f5c8) 
thrown [s\open\src\hotspot\share\classfile\systemDictionary.cpp, line 305]
Event: 0.067 Thread 0x0000018436456e50 Exception <a 'java/io/FileNotFoundException'{0x00000000a7f20c28}> (0x00000000a7f20c28) 
thrown [s\open\src\hotspot\share\prims\jni.cpp, line 519]
Event: 0.070 Thread 0x0000018436456e50 Exception <a 'java/io/FileNotFoundException'{0x00000000a7f4ac50}> (0x00000000a7f4ac50) 
thrown [s\open\src\hotspot\share\prims\jni.cpp, line 519]
Event: 0.143 Thread 0x0000018436456e50 Exception <a 'java/lang/NoSuchMethodError'{0x00000000a7fe2590}: 'void java.lang.invoke.DirectMethodHandle$Holder.invokeSpecial(java.lang.Object, java.lang.Object, java.lang.Object)'> (0x00000000a7fe2590) 
thrown [s\open\src\hotspot\share\interpreter\linkResolver.cpp, line 773]
Event: 0.148 Thread 0x0000018436456e50 Exception <a 'java/lang/NoSuchMethodError'{0x00000000a7e97310}: 'java.lang.Object java.lang.invoke.DirectMethodHandle$Holder.newInvokeSpecial(java.lang.Object, java.lang.Object, java.lang.Object, java.lang.Object, java.lang.Object)'> (0x00000000a7e97310) 
thrown [s\open\src\hotspot\share\interpreter\linkResolver.cpp, line 773]

VM Operations (0 events):
No events

Events (14 events):
Event: 0.020 Thread 0x0000018436456e50 Thread added: 0x0000018436456e50
Event: 0.026 Thread 0x0000018454661a90 Thread added: 0x0000018454661a90
Event: 0.026 Thread 0x0000018454662540 Thread added: 0x0000018454662540
Event: 0.027 Thread 0x00000184546672e0 Thread added: 0x00000184546672e0
Event: 0.027 Thread 0x0000018454667c90 Thread added: 0x0000018454667c90
Event: 0.027 Thread 0x000001845466a470 Thread added: 0x000001845466a470
Event: 0.027 Thread 0x000001845466cb00 Thread added: 0x000001845466cb00
Event: 0.027 Thread 0x0000018454672c10 Thread added: 0x0000018454672c10
Event: 0.027 Thread 0x000001845467d0d0 Thread added: 0x000001845467d0d0
Event: 0.036 Thread 0x00000184998ee560 Thread added: 0x00000184998ee560
Event: 0.038 Thread 0x00000184998f3730 Thread added: 0x00000184998f3730
Event: 0.096 Thread 0x0000018499b18460 Thread added: 0x0000018499b18460
Event: 0.097 Thread 0x0000018499b1c9c0 Thread added: 0x0000018499b1c9c0
Event: 0.098 Thread 0x0000018499b239e0 Thread added: 0x0000018499b239e0


Dynamic libraries:
0x00007ff690d80000 - 0x00007ff690d90000 	C:\Program Files\Java\jdk-20\bin\java.exe
0x00007ffc9b410000 - 0x00007ffc9b624000 	C:\WINDOWS\SYSTEM32\ntdll.dll
0x00007ffc9a4b0000 - 0x00007ffc9a574000 	C:\WINDOWS\System32\KERNEL32.DLL
0x00007ffc987c0000 - 0x00007ffc98b64000 	C:\WINDOWS\System32\KERNELBASE.dll
0x00007ffc98ba0000 - 0x00007ffc98cb1000 	C:\WINDOWS\System32\ucrtbase.dll
0x00007ffc855f0000 - 0x00007ffc8560b000 	C:\Program Files\Java\jdk-20\bin\VCRUNTIME140.dll
0x00007ffc855d0000 - 0x00007ffc855e9000 	C:\Program Files\Java\jdk-20\bin\jli.dll
0x00007ffc9a390000 - 0x00007ffc9a440000 	C:\WINDOWS\System32\ADVAPI32.dll
0x00007ffc99370000 - 0x00007ffc99417000 	C:\WINDOWS\System32\msvcrt.dll
0x00007ffc99420000 - 0x00007ffc994c6000 	C:\WINDOWS\System32\sechost.dll
0x00007ffc9b020000 - 0x00007ffc9b137000 	C:\WINDOWS\System32\RPCRT4.dll
0x00007ffc9ae70000 - 0x00007ffc9b01e000 	C:\WINDOWS\System32\USER32.dll
0x00007ffc88e80000 - 0x00007ffc89113000 	C:\WINDOWS\WinSxS\amd64_microsoft.windows.common-controls_6595b64144ccf1df_6.0.22621.2215_none_270d72677387dfc3\COMCTL32.dll
0x00007ffc98b70000 - 0x00007ffc98b96000 	C:\WINDOWS\System32\win32u.dll
0x00007ffc9a2e0000 - 0x00007ffc9a309000 	C:\WINDOWS\System32\GDI32.dll
0x00007ffc98cc0000 - 0x00007ffc98dd8000 	C:\WINDOWS\System32\gdi32full.dll
0x00007ffc98f10000 - 0x00007ffc98faa000 	C:\WINDOWS\System32\msvcp_win.dll
0x00007ffc908f0000 - 0x00007ffc908fa000 	C:\WINDOWS\SYSTEM32\VERSION.dll
0x00007ffc9a680000 - 0x00007ffc9a6b1000 	C:\WINDOWS\System32\IMM32.DLL
0x00007ffc86190000 - 0x00007ffc8619c000 	C:\Program Files\Java\jdk-20\bin\vcruntime140_1.dll
0x00007ffc64b50000 - 0x00007ffc64bde000 	C:\Program Files\Java\jdk-20\bin\msvcp140.dll
0x00007ffc3f510000 - 0x00007ffc401a8000 	C:\Program Files\Java\jdk-20\bin\server\jvm.dll
0x00007ffc920a0000 - 0x00007ffc920a9000 	C:\WINDOWS\SYSTEM32\WSOCK32.dll
0x00007ffc91d50000 - 0x00007ffc91d84000 	C:\WINDOWS\SYSTEM32\WINMM.dll
0x00007ffc9b140000 - 0x00007ffc9b1b1000 	C:\WINDOWS\System32\WS2_32.dll
0x00007ffc977c0000 - 0x00007ffc977d8000 	C:\WINDOWS\SYSTEM32\kernel.appcore.dll
0x00007ffc85660000 - 0x00007ffc8566a000 	C:\Program Files\Java\jdk-20\bin\jimage.dll
0x00007ffc96230000 - 0x00007ffc9645e000 	C:\WINDOWS\SYSTEM32\DBGHELP.DLL
0x00007ffc9a7c0000 - 0x00007ffc9ab4a000 	C:\WINDOWS\System32\combase.dll
0x00007ffc9a580000 - 0x00007ffc9a657000 	C:\WINDOWS\System32\OLEAUT32.dll
0x00007ffc833a0000 - 0x00007ffc833d2000 	C:\WINDOWS\SYSTEM32\dbgcore.DLL
0x00007ffc99120000 - 0x00007ffc9919a000 	C:\WINDOWS\System32\bcryptPrimitives.dll
0x00007ffc85550000 - 0x00007ffc85576000 	C:\Program Files\Java\jdk-20\bin\java.dll
0x00007ffc46690000 - 0x00007ffc46767000 	C:\Program Files\Java\jdk-20\bin\jsvml.dll
0x00007ffc99630000 - 0x00007ffc99e53000 	C:\WINDOWS\System32\SHELL32.dll
0x00007ffc96750000 - 0x00007ffc9703a000 	C:\WINDOWS\SYSTEM32\windows.storage.dll
0x00007ffc96610000 - 0x00007ffc9674e000 	C:\WINDOWS\SYSTEM32\wintypes.dll
0x00007ffc9abc0000 - 0x00007ffc9acb3000 	C:\WINDOWS\System32\SHCORE.dll
0x00007ffc9b310000 - 0x00007ffc9b36e000 	C:\WINDOWS\System32\shlwapi.dll
0x00007ffc986f0000 - 0x00007ffc98716000 	C:\WINDOWS\SYSTEM32\profapi.dll
0x00007ffc464f0000 - 0x00007ffc46681000 	C:\Program Files\Java\jdk-20\bin\awt.dll
0x00007ffc95620000 - 0x00007ffc956b7000 	C:\WINDOWS\SYSTEM32\apphelp.dll
0x00007ffc95c20000 - 0x00007ffc95c4b000 	C:\WINDOWS\system32\DWMAPI.DLL
0x00007ffc957b0000 - 0x00007ffc9585b000 	C:\WINDOWS\system32\uxtheme.dll
0x00007ffc4b6e0000 - 0x00007ffc4b7e0000 	C:\WINDOWS\system32\opengl32.dll
0x00007ffc4b500000 - 0x00007ffc4b52d000 	C:\WINDOWS\SYSTEM32\GLU32.dll
0x00007ffc95ac0000 - 0x00007ffc95af8000 	C:\WINDOWS\SYSTEM32\dxcore.dll
0x00007ffc9b1c0000 - 0x00007ffc9b309000 	C:\WINDOWS\System32\MSCTF.dll
0x00007ffc9acc0000 - 0x00007ffc9ae5e000 	C:\WINDOWS\System32\ole32.dll
0x00007ffc4d270000 - 0x00007ffc4d419000 	C:\WINDOWS\system32\d3d9.dll
0x00007ffc8e1f0000 - 0x00007ffc8e3ab000 	C:\WINDOWS\System32\DriverStore\FileRepository\u0391129.inf_amd64_7a819ad751ab7622\B390488\aticfx64.dll
0x00007ffc68090000 - 0x00007ffc680c4000 	C:\WINDOWS\System32\DriverStore\FileRepository\u0391129.inf_amd64_7a819ad751ab7622\B390488\atiu9p64.dll
0x00007ffc37090000 - 0x00007ffc37de5000 	C:\WINDOWS\System32\DriverStore\FileRepository\u0391129.inf_amd64_7a819ad751ab7622\B390488\atiumd64.dll
0x000000006e2e0000 - 0x000000006f208000 	C:\WINDOWS\System32\DriverStore\FileRepository\u0391129.inf_amd64_7a819ad751ab7622\B390488\atiumd6a.dll
0x00007ffc99e60000 - 0x00007ffc9a2d4000 	C:\WINDOWS\System32\SETUPAPI.dll
0x00007ffc98690000 - 0x00007ffc986dd000 	C:\WINDOWS\SYSTEM32\POWRPROF.dll
0x00007ffc980a0000 - 0x00007ffc980c8000 	C:\WINDOWS\SYSTEM32\bcrypt.dll
0x00007ffc98670000 - 0x00007ffc98683000 	C:\WINDOWS\SYSTEM32\UMPDC.dll
0x00007ffc8f1b0000 - 0x00007ffc8f1e5000 	C:\WINDOWS\SYSTEM32\amdihk64.dll
0x00007ffc92040000 - 0x00007ffc9208a000 	C:\WINDOWS\SYSTEM32\directxdatabasehelper.dll

dbghelp: loaded successfully - version: 4.0.5 - missing functions: none
symbol engine: initialized successfully - sym options: 0x614 - pdb path: .;C:\Program Files\Java\jdk-20\bin;C:\WINDOWS\SYSTEM32;C:\WINDOWS\WinSxS\amd64_microsoft.windows.common-controls_6595b64144ccf1df_6.0.22621.2215_none_270d72677387dfc3;C:\Program Files\Java\jdk-20\bin\server;C:\WINDOWS\System32\DriverStore\FileRepository\u0391129.inf_amd64_7a819ad751ab7622\B390488

VM Arguments:
java_command: Knap_Aman
java_class_path (initial): .
Launcher Type: SUN_STANDARD

[Global flags]
     intx CICompilerCount                          = 4                                         {product} {ergonomic}
     uint ConcGCThreads                            = 3                                         {product} {ergonomic}
     uint G1ConcRefinementThreads                  = 10                                        {product} {ergonomic}
   size_t G1HeapRegionSize                         = 1048576                                   {product} {ergonomic}
    uintx GCDrainStackTargetSize                   = 64                                        {product} {ergonomic}
   size_t InitialHeapSize                          = 98566144                                  {product} {ergonomic}
   size_t MarkStackSize                            = 4194304                                   {product} {ergonomic}
   size_t MaxHeapSize                              = 1572864000                                {product} {ergonomic}
   size_t MaxNewSize                               = 943718400                                 {product} {ergonomic}
   size_t MinHeapDeltaBytes                        = 1048576                                   {product} {ergonomic}
   size_t MinHeapSize                              = 8388608                                   {product} {ergonomic}
    uintx NonNMethodCodeHeapSize                   = 5839372                                {pd product} {ergonomic}
    uintx NonProfiledCodeHeapSize                  = 122909434                              {pd product} {ergonomic}
    uintx ProfiledCodeHeapSize                     = 122909434                              {pd product} {ergonomic}
    uintx ReservedCodeCacheSize                    = 251658240                              {pd product} {ergonomic}
     bool SegmentedCodeCache                       = true                                      {product} {ergonomic}
   size_t SoftMaxHeapSize                          = 1572864000                             {manageable} {ergonomic}
     bool UseCompressedClassPointers               = true                           {product lp64_product} {ergonomic}
     bool UseCompressedOops                        = true                           {product lp64_product} {ergonomic}
     bool UseG1GC                                  = true                                      {product} {ergonomic}
     bool UseLargePagesIndividualAllocation        = false                                  {pd product} {ergonomic}

Logging:
Log output configuration:
 #0: stdout all=warning uptime,level,tags foldmultilines=false
 #1: stderr all=off uptime,level,tags foldmultilines=false

Environment Variables:
PATH=C:\Program Files\Common Files\Oracle\Java\javapath;C:\app\yadav\product\21c\dbhomeXE\bin;E:\SQL\dbhomeXE\bin;C:\Users\yadav\AppData\Local\Temp\Temp1_WINDOWS.X64_213000_db_home.zip\bin;C:\Windows\system32;C:\Windows;C:\Windows\System32\Wbem;C:\Windows\System32\WindowsPowerShell\v1.0\;C:\Windows\System32\OpenSSH\;C:\Program Files (x86)\NVIDIA Corporation\PhysX\Common;C:\WINDOWS\system32;C:\WINDOWS;C:\WINDOWS\System32\Wbem;C:\WINDOWS\System32\WindowsPowerShell\v1.0\;C:\WINDOWS\System32\OpenSSH\;C:\MinGW\bin;C:\WINDOWS\system32;C:\WINDOWS;C:\WINDOWS\System32\Wbem;C:\WINDOWS\System32\WindowsPowerShell\v1.0\;C:\WINDOWS\System32\OpenSSH\;C:\Program Files\NVIDIA Corporation\NVIDIA NvDLISR;C:\Program Files\MySQL\MySQL Server 8.0\bin;C:\Program Files\MySQL\MySQL Shell 8.0\bin\;C:\Users\yadav\AppData\Local\Microsoft\WindowsApps;C:\Users\yadav\AppData\Local\Programs\Microsoft VS Code\bin;;C:\Program Files\JetBrains\PyCharm Community Edition 2022.3\bin;;C:\Program Files\JetBrains\IntelliJ IDEA 2023.2.2\bin;
USERNAME=yadav
LANG=en_US.UTF-8
OS=Windows_NT
PROCESSOR_IDENTIFIER=AMD64 Family 25 Model 80 Stepping 0, AuthenticAMD
TMP=C:\Users\yadav\AppData\Local\Temp
TEMP=C:\Users\yadav\AppData\Local\Temp




---------------  S Y S T E M  ---------------

OS:
 Windows 11 , 64 bit Build 22621 (10.0.22621.2215)
OS uptime: 0 days 4:21 hours

CPU: total 12 (initial active 12) (12 cores per cpu, 2 threads per core) family 25 model 80 stepping 0 microcode 0x0, cx8, cmov, fxsr, ht, mmx, 3dnowpref, sse, sse2, sse3, ssse3, sse4a, sse4.1, sse4.2, popcnt, lzcnt, tsc, tscinvbit, avx, avx2, aes, erms, clmul, bmi1, bmi2, adx, sha, fma, vzeroupper, clflush, clflushopt, rdtscp, rdpid, fsrm, f16c, pku, cet_ss

Memory: 4k page, system-wide physical 5996M (1582M free)
TotalPageFile size 8044M (AvailPageFile size 5M)
current process WorkingSet (physical memory assigned to process): 52M, peak: 52M
current process commit charge ("private bytes"): 194M, peak: 194M

vm_info: Java HotSpot(TM) 64-Bit Server VM (20.0.2+9-78) for windows-amd64 JRE (20.0.2+9-78), built on 2023-06-14T10:08:48Z by "mach5one" with MS VC++ 17.1 (VS2022)

END.
